[INFO] Scanning for projects...
[INFO]                                                                         
[INFO] ------------------------------------------------------------------------
[INFO] Building capter_006 2.0
[INFO] ------------------------------------------------------------------------
[INFO] 
[INFO] --- maven-clean-plugin:2.5:clean (default-clean) @ capter_006 ---
[INFO] Deleting C:\projects\vprilepskiy\chapter_006\target
[INFO] 
[INFO] --- maven-checkstyle-plugin:2.17:check (validate) @ capter_006 ---
[INFO] Starting audit...
Audit done.
[INFO] 
[INFO] --- maven-resources-plugin:2.6:resources (default-resources) @ capter_006 ---
[INFO] Using 'UTF-8' encoding to copy filtered resources.
[INFO] skip non existing resourceDirectory C:\projects\vprilepskiy\chapter_006\src\main\resources
[INFO] 
[INFO] --- maven-compiler-plugin:3.3:compile (default-compile) @ capter_006 ---
[INFO] Changes detected - recompiling the module!
[INFO] Compiling 6 source files to C:\projects\vprilepskiy\chapter_006\target\classes
[INFO] 
[INFO] --- maven-resources-plugin:2.6:testResources (default-testResources) @ capter_006 ---
[INFO] Using 'UTF-8' encoding to copy filtered resources.
[INFO] skip non existing resourceDirectory C:\projects\vprilepskiy\chapter_006\src\test\resources
[INFO] 
[INFO] --- maven-compiler-plugin:3.3:testCompile (default-testCompile) @ capter_006 ---
[INFO] Changes detected - recompiling the module!
[INFO] Compiling 6 source files to C:\projects\vprilepskiy\chapter_006\target\test-classes
[INFO] 
[INFO] --- maven-surefire-plugin:2.12.4:test (default-test) @ capter_006 ---
[INFO] Surefire report directory: C:\projects\vprilepskiy\chapter_006\target\surefire-reports

-------------------------------------------------------
 T E S T S
-------------------------------------------------------
Running ru.job4j.ArraysAddSortTest
Tests run: 1, Failures: 0, Errors: 0, Skipped: 0, Time elapsed: 0.093 sec
Running ru.job4j.DeleteDubleInArrayTest
Tests run: 1, Failures: 0, Errors: 0, Skipped: 0, Time elapsed: 0 sec
Running ru.job4j.IsSubstringOfTest
Tests run: 2, Failures: 0, Errors: 0, Skipped: 0, Time elapsed: 0 sec
Running ru.job4j.RotateTest
Tests run: 1, Failures: 0, Errors: 0, Skipped: 0, Time elapsed: 0 sec
Running ru.job4j.TurnTest
Tests run: 2, Failures: 0, Errors: 0, Skipped: 0, Time elapsed: 0 sec

Results :

Tests run: 7, Failures: 0, Errors: 0, Skipped: 0

[INFO] ------------------------------------------------------------------------
[INFO] BUILD SUCCESS
[INFO] ------------------------------------------------------------------------
[INFO] Total time: 6.687 s
[INFO] Finished at: 2016-12-05T21:41:14+05:00
[INFO] Final Memory: 20M/178M
[INFO] ------------------------------------------------------------------------
